2015-04-04 20:10:09 Error: [MissingControllerException] Controller class NoteController could not be found.
Exception Attributes: array (
  'class' => 'NoteController',
  'plugin' => NULL,
)
Request URL: /ciic/note/
Stack Trace:
#0 C:\xampp\htdocs\ciic\webroot\index.php(109): Dispatcher->dispatch(Object(CakeRequest), Object(CakeResponse))
#1 {main}
2015-04-06 18:03:26 Error: [MissingControllerException] Controller class AdminController could not be found.
Exception Attributes: array (
  'class' => 'AdminController',
  'plugin' => NULL,
)
Request URL: /ciic/admin/
Stack Trace:
#0 C:\xampp\htdocs\ciic\webroot\index.php(109): Dispatcher->dispatch(Object(CakeRequest), Object(CakeResponse))
#1 {main}
2015-04-06 18:03:49 Error: [MissingViewException] View file "Notes\admin_index.ctp" is missing.
Exception Attributes: array (
  'file' => 'Notes\\admin_index.ctp',
)
Request URL: /ciic/admin/notes/
Stack Trace:
#0 C:\xampp\htdocs\cakephp\lib\Cake\View\View.php(470): View->_getViewFileName(NULL)
#1 C:\xampp\htdocs\cakephp\lib\Cake\Controller\Controller.php(960): View->render(NULL, NULL)
#2 C:\xampp\htdocs\cakephp\lib\Cake\Routing\Dispatcher.php(200): Controller->render()
#3 C:\xampp\htdocs\cakephp\lib\Cake\Routing\Dispatcher.php(167): Dispatcher->_invoke(Object(NotesController), Object(CakeRequest))
#4 C:\xampp\htdocs\ciic\webroot\index.php(109): Dispatcher->dispatch(Object(CakeRequest), Object(CakeResponse))
#5 {main}
2015-04-06 18:04:01 Error: [MissingViewException] View file "Notes\admin_index.ctp" is missing.
Exception Attributes: array (
  'file' => 'Notes\\admin_index.ctp',
)
Request URL: /ciic/admin/notes/index
Stack Trace:
#0 C:\xampp\htdocs\cakephp\lib\Cake\View\View.php(470): View->_getViewFileName(NULL)
#1 C:\xampp\htdocs\cakephp\lib\Cake\Controller\Controller.php(960): View->render(NULL, NULL)
#2 C:\xampp\htdocs\cakephp\lib\Cake\Routing\Dispatcher.php(200): Controller->render()
#3 C:\xampp\htdocs\cakephp\lib\Cake\Routing\Dispatcher.php(167): Dispatcher->_invoke(Object(NotesController), Object(CakeRequest))
#4 C:\xampp\htdocs\ciic\webroot\index.php(109): Dispatcher->dispatch(Object(CakeRequest), Object(CakeResponse))
#5 {main}
2015-04-06 18:04:36 Error: [MissingViewException] View file "Notes\admin_index.ctp" is missing.
Exception Attributes: array (
  'file' => 'Notes\\admin_index.ctp',
)
Request URL: /ciic/admin/notes
Stack Trace:
#0 C:\xampp\htdocs\cakephp\lib\Cake\View\View.php(470): View->_getViewFileName(NULL)
#1 C:\xampp\htdocs\cakephp\lib\Cake\Controller\Controller.php(960): View->render(NULL, NULL)
#2 C:\xampp\htdocs\cakephp\lib\Cake\Routing\Dispatcher.php(200): Controller->render()
#3 C:\xampp\htdocs\cakephp\lib\Cake\Routing\Dispatcher.php(167): Dispatcher->_invoke(Object(NotesController), Object(CakeRequest))
#4 C:\xampp\htdocs\ciic\webroot\index.php(109): Dispatcher->dispatch(Object(CakeRequest), Object(CakeResponse))
#5 {main}
2015-04-06 18:07:09 Error: [MissingActionException] Action NotemetasController::admin_add() could not be found.
Exception Attributes: array (
  'controller' => 'NotemetasController',
  'action' => 'admin_add',
)
Request URL: /ciic/admin/notemetas/add
Stack Trace:
#0 C:\xampp\htdocs\cakephp\lib\Cake\Routing\Dispatcher.php(193): Controller->invokeAction(Object(CakeRequest))
#1 C:\xampp\htdocs\cakephp\lib\Cake\Routing\Dispatcher.php(167): Dispatcher->_invoke(Object(NotemetasController), Object(CakeRequest))
#2 C:\xampp\htdocs\ciic\webroot\index.php(109): Dispatcher->dispatch(Object(CakeRequest), Object(CakeResponse))
#3 {main}
2015-04-06 18:08:27 Error: [MissingViewException] View file "Notemetas\admin_add.ctp" is missing.
Exception Attributes: array (
  'file' => 'Notemetas\\admin_add.ctp',
)
Request URL: /ciic/admin/notemetas/add
Stack Trace:
#0 C:\xampp\htdocs\cakephp\lib\Cake\View\View.php(470): View->_getViewFileName(NULL)
#1 C:\xampp\htdocs\cakephp\lib\Cake\Controller\Controller.php(960): View->render(NULL, NULL)
#2 C:\xampp\htdocs\cakephp\lib\Cake\Routing\Dispatcher.php(200): Controller->render()
#3 C:\xampp\htdocs\cakephp\lib\Cake\Routing\Dispatcher.php(167): Dispatcher->_invoke(Object(NotemetasController), Object(CakeRequest))
#4 C:\xampp\htdocs\ciic\webroot\index.php(109): Dispatcher->dispatch(Object(CakeRequest), Object(CakeResponse))
#5 {main}
2015-04-06 18:11:36 Error: [PDOException] SQLSTATE[23000]: Integrity constraint violation: 1048 Column 'parent' cannot be null
Request URL: /ciic/admin/notes/add
Stack Trace:
#0 C:\xampp\htdocs\cakephp\lib\Cake\Model\Datasource\DboSource.php(460): PDOStatement->execute(Array)
#1 C:\xampp\htdocs\cakephp\lib\Cake\Model\Datasource\DboSource.php(426): DboSource->_execute('INSERT INTO `ci...', Array)
#2 C:\xampp\htdocs\cakephp\lib\Cake\Model\Datasource\DboSource.php(1012): DboSource->execute('INSERT INTO `ci...')
#3 C:\xampp\htdocs\cakephp\lib\Cake\Model\Model.php(1928): DboSource->create(Object(Note), Array, Array)
#4 C:\xampp\htdocs\cakephp\lib\Cake\Model\Model.php(1751): Model->_doSave(Array, Array)
#5 C:\xampp\htdocs\ciic\Controller\NotesController.php(131): Model->save(Array)
#6 [internal function]: NotesController->admin_add()
#7 C:\xampp\htdocs\cakephp\lib\Cake\Controller\Controller.php(490): ReflectionMethod->invokeArgs(Object(NotesController), Array)
#8 C:\xampp\htdocs\cakephp\lib\Cake\Routing\Dispatcher.php(193): Controller->invokeAction(Object(CakeRequest))
#9 C:\xampp\htdocs\cakephp\lib\Cake\Routing\Dispatcher.php(167): Dispatcher->_invoke(Object(NotesController), Object(CakeRequest))
#10 C:\xampp\htdocs\ciic\webroot\index.php(109): Dispatcher->dispatch(Object(CakeRequest), Object(CakeResponse))
#11 {main}
2015-04-06 18:16:23 Error: [MissingActionException] Action NotemetasController::admin_index() could not be found.
Exception Attributes: array (
  'controller' => 'NotemetasController',
  'action' => 'admin_index',
)
Request URL: /ciic/admin/notemetas
Stack Trace:
#0 C:\xampp\htdocs\cakephp\lib\Cake\Routing\Dispatcher.php(193): Controller->invokeAction(Object(CakeRequest))
#1 C:\xampp\htdocs\cakephp\lib\Cake\Routing\Dispatcher.php(167): Dispatcher->_invoke(Object(NotemetasController), Object(CakeRequest))
#2 C:\xampp\htdocs\ciic\webroot\index.php(109): Dispatcher->dispatch(Object(CakeRequest), Object(CakeResponse))
#3 {main}
2015-04-16 05:47:36 Error: [MissingViewException] View file "Notes\index.ctp" is missing.
Exception Attributes: array (
  'file' => 'Notes\\index.ctp',
)
Request URL: /ciic/notes/
Stack Trace:
#0 C:\xampp\htdocs\cakephp\lib\Cake\View\View.php(470): View->_getViewFileName(NULL)
#1 C:\xampp\htdocs\cakephp\lib\Cake\Controller\Controller.php(960): View->render(NULL, NULL)
#2 C:\xampp\htdocs\cakephp\lib\Cake\Routing\Dispatcher.php(200): Controller->render()
#3 C:\xampp\htdocs\cakephp\lib\Cake\Routing\Dispatcher.php(167): Dispatcher->_invoke(Object(NotesController), Object(CakeRequest))
#4 C:\xampp\htdocs\ciic\webroot\index.php(109): Dispatcher->dispatch(Object(CakeRequest), Object(CakeResponse))
#5 {main}
2015-04-16 05:47:46 Error: [MissingControllerException] Controller class AdminController could not be found.
Exception Attributes: array (
  'class' => 'AdminController',
  'plugin' => NULL,
)
Request URL: /ciic/admin/
Stack Trace:
#0 C:\xampp\htdocs\ciic\webroot\index.php(109): Dispatcher->dispatch(Object(CakeRequest), Object(CakeResponse))
#1 {main}
2015-04-16 05:48:48 Error: [MissingActionException] Action UsersController::admin_index() could not be found.
Exception Attributes: array (
  'controller' => 'UsersController',
  'action' => 'admin_index',
)
Request URL: /ciic/admin/users
Stack Trace:
#0 C:\xampp\htdocs\cakephp\lib\Cake\Routing\Dispatcher.php(193): Controller->invokeAction(Object(CakeRequest))
#1 C:\xampp\htdocs\cakephp\lib\Cake\Routing\Dispatcher.php(167): Dispatcher->_invoke(Object(UsersController), Object(CakeRequest))
#2 C:\xampp\htdocs\ciic\webroot\index.php(109): Dispatcher->dispatch(Object(CakeRequest), Object(CakeResponse))
#3 {main}
2015-05-25 06:00:17 Error: [MissingViewException] View file "Notes\index.ctp" is missing.
Exception Attributes: array (
  'file' => 'Notes\\index.ctp',
)
Request URL: /ciic/notes
Stack Trace:
#0 C:\xampp\htdocs\cakephp\lib\Cake\View\View.php(470): View->_getViewFileName(NULL)
#1 C:\xampp\htdocs\cakephp\lib\Cake\Controller\Controller.php(960): View->render(NULL, NULL)
#2 C:\xampp\htdocs\cakephp\lib\Cake\Routing\Dispatcher.php(200): Controller->render()
#3 C:\xampp\htdocs\cakephp\lib\Cake\Routing\Dispatcher.php(167): Dispatcher->_invoke(Object(NotesController), Object(CakeRequest))
#4 C:\xampp\htdocs\ciic\webroot\index.php(109): Dispatcher->dispatch(Object(CakeRequest), Object(CakeResponse))
#5 {main}
